<?xml version="1.0" encoding="UTF-8"?>
<testng-results skipped="0" failed="3" ignored="0" total="6" passed="3">
  <reporter-output>
    <line>
      <![CDATA[<a href='C:\Users\abhim\eclipse-workspace\POM_Netflix\src\main\java\com\netflix\POM_Netflix\screenshot\success_screenshots\clickLinksOnTheHomePage_11_01_2018_12_59_43.png'> <img src='C:\Users\abhim\eclipse-workspace\POM_Netflix\src\main\java\com\netflix\POM_Netflix\screenshot\success_screenshots\clickLinksOnTheHomePage_11_01_2018_12_59_43.png' height='100' width='100'/> </a>]]>
    </line>
    <line>
      <![CDATA[<a href='C:\Users\abhim\eclipse-workspace\POM_Netflix\src\main\java\com\netflix\POM_Netflix\screenshot\success_screenshots\clickLinksOnTheHomePage_11_01_2018_12_59_47.png'> <img src='C:\Users\abhim\eclipse-workspace\POM_Netflix\src\main\java\com\netflix\POM_Netflix\screenshot\success_screenshots\clickLinksOnTheHomePage_11_01_2018_12_59_47.png' height='100' width='100'/> </a>]]>
    </line>
    <line>
      <![CDATA[<a href='C:\Users\abhim\eclipse-workspace\POM_Netflix\src\main\java\com\netflix\POM_Netflix\screenshot\success_screenshots\clickLinksOnTheHomePage_11_01_2018_12_59_51.png'> <img src='C:\Users\abhim\eclipse-workspace\POM_Netflix\src\main\java\com\netflix\POM_Netflix\screenshot\success_screenshots\clickLinksOnTheHomePage_11_01_2018_12_59_51.png' height='100' width='100'/> </a>]]>
    </line>
    <line>
      <![CDATA[<a href='C:\Users\abhim\eclipse-workspace\POM_Netflix\src\main\java\com\netflix\POM_Netflix\screenshot\failure_screenshots\clickLinksOnTheHomePage_11_01_2018_12_59_54.png'> <img src='C:\Users\abhim\eclipse-workspace\POM_Netflix\src\main\java\com\netflix\POM_Netflix\screenshot\failure_screenshots\clickLinksOnTheHomePage_11_01_2018_12_59_54.png' height='100' width='100'/> </a>]]>
    </line>
    <line>
      <![CDATA[<a href='C:\Users\abhim\eclipse-workspace\POM_Netflix\src\main\java\com\netflix\POM_Netflix\screenshot\failure_screenshots\clickLinksOnTheHomePage_11_01_2018_01_00_16.png'> <img src='C:\Users\abhim\eclipse-workspace\POM_Netflix\src\main\java\com\netflix\POM_Netflix\screenshot\failure_screenshots\clickLinksOnTheHomePage_11_01_2018_01_00_16.png' height='100' width='100'/> </a>]]>
    </line>
    <line>
      <![CDATA[<a href='C:\Users\abhim\eclipse-workspace\POM_Netflix\src\main\java\com\netflix\POM_Netflix\screenshot\failure_screenshots\clickLinksOnTheHomePage_11_01_2018_01_00_36.png'> <img src='C:\Users\abhim\eclipse-workspace\POM_Netflix\src\main\java\com\netflix\POM_Netflix\screenshot\failure_screenshots\clickLinksOnTheHomePage_11_01_2018_01_00_36.png' height='100' width='100'/> </a>]]>
    </line>
  </reporter-output>
  <suite name="Default suite" duration-ms="78370" started-at="2018-01-11T20:59:19Z" finished-at="2018-01-11T21:00:38Z">
    <groups>
    </groups>
    <test name="Default test" duration-ms="78370" started-at="2018-01-11T20:59:19Z" finished-at="2018-01-11T21:00:38Z">
      <class name="com.netflix.POM_Netflix.homepage.TC0003_VerifyLinksOnTheHomePage">
        <test-method status="PASS" signature="init()[pri:0, instance:com.netflix.POM_Netflix.homepage.TC0003_VerifyLinksOnTheHomePage@77caeb3e]" name="init" is-config="true" duration-ms="13316" started-at="2018-01-11T12:59:19Z" finished-at="2018-01-11T12:59:33Z">
          <reporter-output>
          </reporter-output>
        </test-method> <!-- init -->
        <test-method status="PASS" signature="clickLinksOnTheHomePage(java.lang.String, java.lang.String)[pri:1, instance:com.netflix.POM_Netflix.homepage.TC0003_VerifyLinksOnTheHomePage@77caeb3e]" name="clickLinksOnTheHomePage" duration-ms="9930" started-at="2018-01-11T12:59:34Z" data-provider="links" finished-at="2018-01-11T12:59:43Z">
          <params>
            <param index="0">
              <value>
                <![CDATA[FAQ]]>
              </value>
            </param>
            <param index="1">
              <value>
                <![CDATA[//*[@id='kbArticle']/h1]]>
              </value>
            </param>
          </params>
          <reporter-output>
            <line>
              <![CDATA[<a href='C:\Users\abhim\eclipse-workspace\POM_Netflix\src\main\java\com\netflix\POM_Netflix\screenshot\success_screenshots\clickLinksOnTheHomePage_11_01_2018_12_59_43.png'> <img src='C:\Users\abhim\eclipse-workspace\POM_Netflix\src\main\java\com\netflix\POM_Netflix\screenshot\success_screenshots\clickLinksOnTheHomePage_11_01_2018_12_59_43.png' height='100' width='100'/> </a>]]>
            </line>
          </reporter-output>
        </test-method> <!-- clickLinksOnTheHomePage -->
        <test-method status="PASS" signature="clickLinksOnTheHomePage(java.lang.String, java.lang.String)[pri:1, instance:com.netflix.POM_Netflix.homepage.TC0003_VerifyLinksOnTheHomePage@77caeb3e]" name="clickLinksOnTheHomePage" duration-ms="2527" started-at="2018-01-11T12:59:45Z" data-provider="links" finished-at="2018-01-11T12:59:47Z">
          <params>
            <param index="0">
              <value>
                <![CDATA[Help Center]]>
              </value>
            </param>
            <param index="1">
              <value>
                <![CDATA[//*[@id="pageContent"]/div/div/article/h1]]>
              </value>
            </param>
          </params>
          <reporter-output>
            <line>
              <![CDATA[<a href='C:\Users\abhim\eclipse-workspace\POM_Netflix\src\main\java\com\netflix\POM_Netflix\screenshot\success_screenshots\clickLinksOnTheHomePage_11_01_2018_12_59_47.png'> <img src='C:\Users\abhim\eclipse-workspace\POM_Netflix\src\main\java\com\netflix\POM_Netflix\screenshot\success_screenshots\clickLinksOnTheHomePage_11_01_2018_12_59_47.png' height='100' width='100'/> </a>]]>
            </line>
          </reporter-output>
        </test-method> <!-- clickLinksOnTheHomePage -->
        <test-method status="PASS" signature="clickLinksOnTheHomePage(java.lang.String, java.lang.String)[pri:1, instance:com.netflix.POM_Netflix.homepage.TC0003_VerifyLinksOnTheHomePage@77caeb3e]" name="clickLinksOnTheHomePage" duration-ms="1859" started-at="2018-01-11T12:59:49Z" data-provider="links" finished-at="2018-01-11T12:59:51Z">
          <params>
            <param index="0">
              <value>
                <![CDATA[Account]]>
              </value>
            </param>
            <param index="1">
              <value>
                <![CDATA[//*[@id="appMountPoint"]/div/div[2]/div/div/h1]]>
              </value>
            </param>
          </params>
          <reporter-output>
            <line>
              <![CDATA[<a href='C:\Users\abhim\eclipse-workspace\POM_Netflix\src\main\java\com\netflix\POM_Netflix\screenshot\success_screenshots\clickLinksOnTheHomePage_11_01_2018_12_59_51.png'> <img src='C:\Users\abhim\eclipse-workspace\POM_Netflix\src\main\java\com\netflix\POM_Netflix\screenshot\success_screenshots\clickLinksOnTheHomePage_11_01_2018_12_59_51.png' height='100' width='100'/> </a>]]>
            </line>
          </reporter-output>
        </test-method> <!-- clickLinksOnTheHomePage -->
        <test-method status="FAIL" signature="clickLinksOnTheHomePage(java.lang.String, java.lang.String)[pri:1, instance:com.netflix.POM_Netflix.homepage.TC0003_VerifyLinksOnTheHomePage@77caeb3e]" name="clickLinksOnTheHomePage" duration-ms="2484" started-at="2018-01-11T12:59:52Z" data-provider="links" finished-at="2018-01-11T12:59:54Z">
          <params>
            <param index="0">
              <value>
                <![CDATA[Media Center]]>
              </value>
            </param>
            <param index="1">
              <value>
                <![CDATA[//*[@id="Layer_1"]]]>
              </value>
            </param>
          </params>
          <exception class="java.lang.AssertionError">
            <message>
              <![CDATA[expected [true] but found [false]]]>
            </message>
            <full-stacktrace>
              <![CDATA[java.lang.AssertionError: expected [true] but found [false]
	at org.testng.Assert.fail(Assert.java:94)
	at org.testng.Assert.failNotEquals(Assert.java:513)
	at org.testng.Assert.assertEqualsImpl(Assert.java:135)
	at org.testng.Assert.assertEquals(Assert.java:116)
	at org.testng.Assert.assertEquals(Assert.java:305)
	at org.testng.Assert.assertEquals(Assert.java:315)
	at com.netflix.POM_Netflix.homepage.TC0003_VerifyLinksOnTheHomePage.clickLinksOnTheHomePage(TC0003_VerifyLinksOnTheHomePage.java:39)
	at sun.reflect.NativeMethodAccessorImpl.invoke0(Native Method)
	at sun.reflect.NativeMethodAccessorImpl.invoke(Unknown Source)
	at sun.reflect.DelegatingMethodAccessorImpl.invoke(Unknown Source)
	at java.lang.reflect.Method.invoke(Unknown Source)
	at org.testng.internal.MethodInvocationHelper.invokeMethod(MethodInvocationHelper.java:104)
	at org.testng.internal.Invoker.invokeMethod(Invoker.java:645)
	at org.testng.internal.Invoker.invokeTestMethod(Invoker.java:851)
	at org.testng.internal.Invoker.invokeTestMethods(Invoker.java:1177)
	at org.testng.internal.TestMethodWorker.invokeTestMethods(TestMethodWorker.java:129)
	at org.testng.internal.TestMethodWorker.run(TestMethodWorker.java:112)
	at org.testng.TestRunner.privateRun(TestRunner.java:756)
	at org.testng.TestRunner.run(TestRunner.java:610)
	at org.testng.SuiteRunner.runTest(SuiteRunner.java:387)
	at org.testng.SuiteRunner.runSequentially(SuiteRunner.java:382)
	at org.testng.SuiteRunner.privateRun(SuiteRunner.java:340)
	at org.testng.SuiteRunner.run(SuiteRunner.java:289)
	at org.testng.SuiteRunnerWorker.runSuite(SuiteRunnerWorker.java:52)
	at org.testng.SuiteRunnerWorker.run(SuiteRunnerWorker.java:86)
	at org.testng.TestNG.runSuitesSequentially(TestNG.java:1293)
	at org.testng.TestNG.runSuitesLocally(TestNG.java:1218)
	at org.testng.TestNG.runSuites(TestNG.java:1133)
	at org.testng.TestNG.run(TestNG.java:1104)
	at org.testng.remote.AbstractRemoteTestNG.run(AbstractRemoteTestNG.java:114)
	at org.testng.remote.RemoteTestNG.initAndRun(RemoteTestNG.java:251)
	at org.testng.remote.RemoteTestNG.main(RemoteTestNG.java:77)
]]>
            </full-stacktrace>
          </exception> <!-- java.lang.AssertionError -->
          <reporter-output>
            <line>
              <![CDATA[<a href='C:\Users\abhim\eclipse-workspace\POM_Netflix\src\main\java\com\netflix\POM_Netflix\screenshot\failure_screenshots\clickLinksOnTheHomePage_11_01_2018_12_59_54.png'> <img src='C:\Users\abhim\eclipse-workspace\POM_Netflix\src\main\java\com\netflix\POM_Netflix\screenshot\failure_screenshots\clickLinksOnTheHomePage_11_01_2018_12_59_54.png' height='100' width='100'/> </a>]]>
            </line>
          </reporter-output>
        </test-method> <!-- clickLinksOnTheHomePage -->
        <test-method status="FAIL" signature="clickLinksOnTheHomePage(java.lang.String, java.lang.String)[pri:1, instance:com.netflix.POM_Netflix.homepage.TC0003_VerifyLinksOnTheHomePage@77caeb3e]" name="clickLinksOnTheHomePage" duration-ms="20091" started-at="2018-01-11T12:59:55Z" data-provider="links" finished-at="2018-01-11T13:00:16Z">
          <params>
            <param index="0">
              <value>
                <![CDATA[Investor Relations]]>
              </value>
            </param>
            <param index="1">
              <value>
                <![CDATA[//*[@id="block-nir-pid1695-content"]/article/h1]]>
              </value>
            </param>
          </params>
          <exception class="org.openqa.selenium.NoSuchElementException">
            <message>
              <![CDATA[no such element: Unable to locate element: {"method":"xpath","selector":"//*[contains(text(), 'Investor Relations')]"}
  (Session info: chrome=63.0.3239.132)
  (Driver info: chromedriver=2.33.506120 (e3e53437346286c0bc2d2dc9aa4915ba81d9023f),platform=Windows NT 10.0.15063 x86_64) (WARNING: The server did not provide any stacktrace information)
Command duration or timeout: 20.07 seconds
For documentation on this error, please visit: http://seleniumhq.org/exceptions/no_such_element.html
Build info: version: '3.0.1', revision: '1969d75', time: '2016-10-18 09:49:13 -0700'
System info: host: 'LAPTOP-R0G3QLHM', ip: '192.168.1.79', os.name: 'Windows 10', os.arch: 'amd64', os.version: '10.0', java.version: '1.8.0_151'
Driver info: org.openqa.selenium.chrome.ChromeDriver
Capabilities [{applicationCacheEnabled=false, rotatable=false, mobileEmulationEnabled=false, networkConnectionEnabled=false, chrome={chromedriverVersion=2.33.506120 (e3e53437346286c0bc2d2dc9aa4915ba81d9023f), userDataDir=C:\Users\abhim\AppData\Local\Temp\scoped_dir11652_31987}, takesHeapSnapshot=true, pageLoadStrategy=normal, databaseEnabled=false, handlesAlerts=true, hasTouchScreen=false, version=63.0.3239.132, platform=XP, browserConnectionEnabled=false, nativeEvents=true, acceptSslCerts=true, locationContextEnabled=true, webStorageEnabled=true, browserName=chrome, takesScreenshot=true, javascriptEnabled=true, cssSelectorsEnabled=true, setWindowRect=true, unexpectedAlertBehaviour=}]
Session ID: adb4b58830f7dfa651841a76e4a7409c
*** Element info: {Using=xpath, value=//*[contains(text(), 'Investor Relations')]}]]>
            </message>
            <full-stacktrace>
              <![CDATA[org.openqa.selenium.NoSuchElementException: no such element: Unable to locate element: {"method":"xpath","selector":"//*[contains(text(), 'Investor Relations')]"}
  (Session info: chrome=63.0.3239.132)
  (Driver info: chromedriver=2.33.506120 (e3e53437346286c0bc2d2dc9aa4915ba81d9023f),platform=Windows NT 10.0.15063 x86_64) (WARNING: The server did not provide any stacktrace information)
Command duration or timeout: 20.07 seconds
For documentation on this error, please visit: http://seleniumhq.org/exceptions/no_such_element.html
Build info: version: '3.0.1', revision: '1969d75', time: '2016-10-18 09:49:13 -0700'
System info: host: 'LAPTOP-R0G3QLHM', ip: '192.168.1.79', os.name: 'Windows 10', os.arch: 'amd64', os.version: '10.0', java.version: '1.8.0_151'
Driver info: org.openqa.selenium.chrome.ChromeDriver
Capabilities [{applicationCacheEnabled=false, rotatable=false, mobileEmulationEnabled=false, networkConnectionEnabled=false, chrome={chromedriverVersion=2.33.506120 (e3e53437346286c0bc2d2dc9aa4915ba81d9023f), userDataDir=C:\Users\abhim\AppData\Local\Temp\scoped_dir11652_31987}, takesHeapSnapshot=true, pageLoadStrategy=normal, databaseEnabled=false, handlesAlerts=true, hasTouchScreen=false, version=63.0.3239.132, platform=XP, browserConnectionEnabled=false, nativeEvents=true, acceptSslCerts=true, locationContextEnabled=true, webStorageEnabled=true, browserName=chrome, takesScreenshot=true, javascriptEnabled=true, cssSelectorsEnabled=true, setWindowRect=true, unexpectedAlertBehaviour=}]
Session ID: adb4b58830f7dfa651841a76e4a7409c
*** Element info: {Using=xpath, value=//*[contains(text(), 'Investor Relations')]}
	at sun.reflect.NativeConstructorAccessorImpl.newInstance0(Native Method)
	at sun.reflect.NativeConstructorAccessorImpl.newInstance(Unknown Source)
	at sun.reflect.DelegatingConstructorAccessorImpl.newInstance(Unknown Source)
	at java.lang.reflect.Constructor.newInstance(Unknown Source)
	at org.openqa.selenium.remote.ErrorHandler.createThrowable(ErrorHandler.java:216)
	at org.openqa.selenium.remote.ErrorHandler.throwIfResponseFailed(ErrorHandler.java:168)
	at org.openqa.selenium.remote.RemoteWebDriver.execute(RemoteWebDriver.java:635)
	at org.openqa.selenium.remote.RemoteWebDriver.findElement(RemoteWebDriver.java:368)
	at org.openqa.selenium.remote.RemoteWebDriver.findElementByXPath(RemoteWebDriver.java:473)
	at org.openqa.selenium.By$ByXPath.findElement(By.java:361)
	at org.openqa.selenium.remote.RemoteWebDriver.findElement(RemoteWebDriver.java:360)
	at com.netflix.POM_Netflix.homepage.TC0003_VerifyLinksOnTheHomePage.clickLinksOnTheHomePage(TC0003_VerifyLinksOnTheHomePage.java:38)
	at sun.reflect.NativeMethodAccessorImpl.invoke0(Native Method)
	at sun.reflect.NativeMethodAccessorImpl.invoke(Unknown Source)
	at sun.reflect.DelegatingMethodAccessorImpl.invoke(Unknown Source)
	at java.lang.reflect.Method.invoke(Unknown Source)
	at org.testng.internal.MethodInvocationHelper.invokeMethod(MethodInvocationHelper.java:104)
	at org.testng.internal.Invoker.invokeMethod(Invoker.java:645)
	at org.testng.internal.Invoker.invokeTestMethod(Invoker.java:851)
	at org.testng.internal.Invoker.invokeTestMethods(Invoker.java:1177)
	at org.testng.internal.TestMethodWorker.invokeTestMethods(TestMethodWorker.java:129)
	at org.testng.internal.TestMethodWorker.run(TestMethodWorker.java:112)
	at org.testng.TestRunner.privateRun(TestRunner.java:756)
	at org.testng.TestRunner.run(TestRunner.java:610)
	at org.testng.SuiteRunner.runTest(SuiteRunner.java:387)
	at org.testng.SuiteRunner.runSequentially(SuiteRunner.java:382)
	at org.testng.SuiteRunner.privateRun(SuiteRunner.java:340)
	at org.testng.SuiteRunner.run(SuiteRunner.java:289)
	at org.testng.SuiteRunnerWorker.runSuite(SuiteRunnerWorker.java:52)
	at org.testng.SuiteRunnerWorker.run(SuiteRunnerWorker.java:86)
	at org.testng.TestNG.runSuitesSequentially(TestNG.java:1293)
	at org.testng.TestNG.runSuitesLocally(TestNG.java:1218)
	at org.testng.TestNG.runSuites(TestNG.java:1133)
	at org.testng.TestNG.run(TestNG.java:1104)
	at org.testng.remote.AbstractRemoteTestNG.run(AbstractRemoteTestNG.java:114)
	at org.testng.remote.RemoteTestNG.initAndRun(RemoteTestNG.java:251)
	at org.testng.remote.RemoteTestNG.main(RemoteTestNG.java:77)
]]>
            </full-stacktrace>
          </exception> <!-- org.openqa.selenium.NoSuchElementException -->
          <reporter-output>
            <line>
              <![CDATA[<a href='C:\Users\abhim\eclipse-workspace\POM_Netflix\src\main\java\com\netflix\POM_Netflix\screenshot\failure_screenshots\clickLinksOnTheHomePage_11_01_2018_01_00_16.png'> <img src='C:\Users\abhim\eclipse-workspace\POM_Netflix\src\main\java\com\netflix\POM_Netflix\screenshot\failure_screenshots\clickLinksOnTheHomePage_11_01_2018_01_00_16.png' height='100' width='100'/> </a>]]>
            </line>
          </reporter-output>
        </test-method> <!-- clickLinksOnTheHomePage -->
        <test-method status="FAIL" signature="clickLinksOnTheHomePage(java.lang.String, java.lang.String)[pri:1, instance:com.netflix.POM_Netflix.homepage.TC0003_VerifyLinksOnTheHomePage@77caeb3e]" name="clickLinksOnTheHomePage" duration-ms="20055" started-at="2018-01-11T13:00:16Z" data-provider="links" finished-at="2018-01-11T13:00:36Z">
          <params>
            <param index="0">
              <value>
                <![CDATA[Jobs]]>
              </value>
            </param>
            <param index="1">
              <value>
                <![CDATA[//*[@id="__next"]/div/div/header/section/div/a[2]/svg/g/path[2]]]>
              </value>
            </param>
          </params>
          <exception class="org.openqa.selenium.NoSuchElementException">
            <message>
              <![CDATA[no such element: Unable to locate element: {"method":"xpath","selector":"//*[contains(text(), 'Jobs')]"}
  (Session info: chrome=63.0.3239.132)
  (Driver info: chromedriver=2.33.506120 (e3e53437346286c0bc2d2dc9aa4915ba81d9023f),platform=Windows NT 10.0.15063 x86_64) (WARNING: The server did not provide any stacktrace information)
Command duration or timeout: 20.05 seconds
For documentation on this error, please visit: http://seleniumhq.org/exceptions/no_such_element.html
Build info: version: '3.0.1', revision: '1969d75', time: '2016-10-18 09:49:13 -0700'
System info: host: 'LAPTOP-R0G3QLHM', ip: '192.168.1.79', os.name: 'Windows 10', os.arch: 'amd64', os.version: '10.0', java.version: '1.8.0_151'
Driver info: org.openqa.selenium.chrome.ChromeDriver
Capabilities [{applicationCacheEnabled=false, rotatable=false, mobileEmulationEnabled=false, networkConnectionEnabled=false, chrome={chromedriverVersion=2.33.506120 (e3e53437346286c0bc2d2dc9aa4915ba81d9023f), userDataDir=C:\Users\abhim\AppData\Local\Temp\scoped_dir11652_31987}, takesHeapSnapshot=true, pageLoadStrategy=normal, databaseEnabled=false, handlesAlerts=true, hasTouchScreen=false, version=63.0.3239.132, platform=XP, browserConnectionEnabled=false, nativeEvents=true, acceptSslCerts=true, locationContextEnabled=true, webStorageEnabled=true, browserName=chrome, takesScreenshot=true, javascriptEnabled=true, cssSelectorsEnabled=true, setWindowRect=true, unexpectedAlertBehaviour=}]
Session ID: adb4b58830f7dfa651841a76e4a7409c
*** Element info: {Using=xpath, value=//*[contains(text(), 'Jobs')]}]]>
            </message>
            <full-stacktrace>
              <![CDATA[org.openqa.selenium.NoSuchElementException: no such element: Unable to locate element: {"method":"xpath","selector":"//*[contains(text(), 'Jobs')]"}
  (Session info: chrome=63.0.3239.132)
  (Driver info: chromedriver=2.33.506120 (e3e53437346286c0bc2d2dc9aa4915ba81d9023f),platform=Windows NT 10.0.15063 x86_64) (WARNING: The server did not provide any stacktrace information)
Command duration or timeout: 20.05 seconds
For documentation on this error, please visit: http://seleniumhq.org/exceptions/no_such_element.html
Build info: version: '3.0.1', revision: '1969d75', time: '2016-10-18 09:49:13 -0700'
System info: host: 'LAPTOP-R0G3QLHM', ip: '192.168.1.79', os.name: 'Windows 10', os.arch: 'amd64', os.version: '10.0', java.version: '1.8.0_151'
Driver info: org.openqa.selenium.chrome.ChromeDriver
Capabilities [{applicationCacheEnabled=false, rotatable=false, mobileEmulationEnabled=false, networkConnectionEnabled=false, chrome={chromedriverVersion=2.33.506120 (e3e53437346286c0bc2d2dc9aa4915ba81d9023f), userDataDir=C:\Users\abhim\AppData\Local\Temp\scoped_dir11652_31987}, takesHeapSnapshot=true, pageLoadStrategy=normal, databaseEnabled=false, handlesAlerts=true, hasTouchScreen=false, version=63.0.3239.132, platform=XP, browserConnectionEnabled=false, nativeEvents=true, acceptSslCerts=true, locationContextEnabled=true, webStorageEnabled=true, browserName=chrome, takesScreenshot=true, javascriptEnabled=true, cssSelectorsEnabled=true, setWindowRect=true, unexpectedAlertBehaviour=}]
Session ID: adb4b58830f7dfa651841a76e4a7409c
*** Element info: {Using=xpath, value=//*[contains(text(), 'Jobs')]}
	at sun.reflect.NativeConstructorAccessorImpl.newInstance0(Native Method)
	at sun.reflect.NativeConstructorAccessorImpl.newInstance(Unknown Source)
	at sun.reflect.DelegatingConstructorAccessorImpl.newInstance(Unknown Source)
	at java.lang.reflect.Constructor.newInstance(Unknown Source)
	at org.openqa.selenium.remote.ErrorHandler.createThrowable(ErrorHandler.java:216)
	at org.openqa.selenium.remote.ErrorHandler.throwIfResponseFailed(ErrorHandler.java:168)
	at org.openqa.selenium.remote.RemoteWebDriver.execute(RemoteWebDriver.java:635)
	at org.openqa.selenium.remote.RemoteWebDriver.findElement(RemoteWebDriver.java:368)
	at org.openqa.selenium.remote.RemoteWebDriver.findElementByXPath(RemoteWebDriver.java:473)
	at org.openqa.selenium.By$ByXPath.findElement(By.java:361)
	at org.openqa.selenium.remote.RemoteWebDriver.findElement(RemoteWebDriver.java:360)
	at com.netflix.POM_Netflix.homepage.TC0003_VerifyLinksOnTheHomePage.clickLinksOnTheHomePage(TC0003_VerifyLinksOnTheHomePage.java:38)
	at sun.reflect.NativeMethodAccessorImpl.invoke0(Native Method)
	at sun.reflect.NativeMethodAccessorImpl.invoke(Unknown Source)
	at sun.reflect.DelegatingMethodAccessorImpl.invoke(Unknown Source)
	at java.lang.reflect.Method.invoke(Unknown Source)
	at org.testng.internal.MethodInvocationHelper.invokeMethod(MethodInvocationHelper.java:104)
	at org.testng.internal.Invoker.invokeMethod(Invoker.java:645)
	at org.testng.internal.Invoker.invokeTestMethod(Invoker.java:851)
	at org.testng.internal.Invoker.invokeTestMethods(Invoker.java:1177)
	at org.testng.internal.TestMethodWorker.invokeTestMethods(TestMethodWorker.java:129)
	at org.testng.internal.TestMethodWorker.run(TestMethodWorker.java:112)
	at org.testng.TestRunner.privateRun(TestRunner.java:756)
	at org.testng.TestRunner.run(TestRunner.java:610)
	at org.testng.SuiteRunner.runTest(SuiteRunner.java:387)
	at org.testng.SuiteRunner.runSequentially(SuiteRunner.java:382)
	at org.testng.SuiteRunner.privateRun(SuiteRunner.java:340)
	at org.testng.SuiteRunner.run(SuiteRunner.java:289)
	at org.testng.SuiteRunnerWorker.runSuite(SuiteRunnerWorker.java:52)
	at org.testng.SuiteRunnerWorker.run(SuiteRunnerWorker.java:86)
	at org.testng.TestNG.runSuitesSequentially(TestNG.java:1293)
	at org.testng.TestNG.runSuitesLocally(TestNG.java:1218)
	at org.testng.TestNG.runSuites(TestNG.java:1133)
	at org.testng.TestNG.run(TestNG.java:1104)
	at org.testng.remote.AbstractRemoteTestNG.run(AbstractRemoteTestNG.java:114)
	at org.testng.remote.RemoteTestNG.initAndRun(RemoteTestNG.java:251)
	at org.testng.remote.RemoteTestNG.main(RemoteTestNG.java:77)
]]>
            </full-stacktrace>
          </exception> <!-- org.openqa.selenium.NoSuchElementException -->
          <reporter-output>
            <line>
              <![CDATA[<a href='C:\Users\abhim\eclipse-workspace\POM_Netflix\src\main\java\com\netflix\POM_Netflix\screenshot\failure_screenshots\clickLinksOnTheHomePage_11_01_2018_01_00_36.png'> <img src='C:\Users\abhim\eclipse-workspace\POM_Netflix\src\main\java\com\netflix\POM_Netflix\screenshot\failure_screenshots\clickLinksOnTheHomePage_11_01_2018_01_00_36.png' height='100' width='100'/> </a>]]>
            </line>
          </reporter-output>
        </test-method> <!-- clickLinksOnTheHomePage -->
        <test-method status="PASS" signature="close()[pri:0, instance:com.netflix.POM_Netflix.homepage.TC0003_VerifyLinksOnTheHomePage@77caeb3e]" name="close" is-config="true" duration-ms="85" started-at="2018-01-11T13:00:38Z" finished-at="2018-01-11T13:00:38Z">
          <reporter-output>
          </reporter-output>
        </test-method> <!-- close -->
      </class> <!-- com.netflix.POM_Netflix.homepage.TC0003_VerifyLinksOnTheHomePage -->
    </test> <!-- Default test -->
  </suite> <!-- Default suite -->
</testng-results>
